# JRE version: OpenJDK Runtime Environment (21.0.10) (build 21.0.10+-14961533-b1163.108)
# Java VM: OpenJDK 64-Bit Server VM (21.0.10+-14961533-b1163.108, mixed mode, tiered, compressed oops, compressed class ptrs, g1 gc, windows-amd64)
GC Precious Log:
 CardTable entry size: 512
 Card Set container configuration: InlinePtr #cards 5 size 8 Array Of Cards #cards 12 size 40 Howl #buckets 4 coarsen threshold 1843 Howl Bitmap #cards 512 size 80 coarsen threshold 460 Card regions per heap region 1 cards per card region 2048
 CPUs: 16 total, 16 available
 Memory: 7599M
 Large Page Support: Disabled
 NUMA Support: Disabled
 Compressed Oops: Enabled (32-bit)
 Heap Region Size: 1M
 Heap Min Capacity: 8M
 Heap Initial Capacity: 120M
 Heap Max Capacity: 2G
 Pre-touch: Disabled
 Parallel Workers: 13
 Concurrent Workers: 3
 Concurrent Refinement Workers: 13
 Periodic GC: Disabled
Heap:
 garbage-first heap   total 214016K, used 133416K [0x0000000080000000, 0x0000000100000000)
  region size 1024K, 7 young (7168K), 2 survivors (2048K)
 Metaspace       used 126497K, committed 128384K, reserved 1179648K
  class space    used 16480K, committed 17408K, reserved 1048576K
GC Heap History (20 events):
Event: 12.619 GC heap before
{Heap before GC invocations=20 (full 0):
 garbage-first heap   total 145408K, used 127392K [0x0000000080000000, 0x0000000100000000)
  region size 1024K, 52 young (53248K), 8 survivors (8192K)
 Metaspace       used 79826K, committed 81664K, reserved 1179648K
  class space    used 11343K, committed 12224K, reserved 1048576K
}
Event: 12.632 GC heap after
{Heap after GC invocations=21 (full 0):
 garbage-first heap   total 145408K, used 90112K [0x0000000080000000, 0x0000000100000000)
  region size 1024K, 7 young (7168K), 7 survivors (7168K)
 Metaspace       used 79826K, committed 81664K, reserved 1179648K
  class space    used 11343K, committed 12224K, reserved 1048576K
}
Event: 13.404 GC heap before
{Heap before GC invocations=21 (full 0):
 garbage-first heap   total 145408K, used 126976K [0x0000000080000000, 0x0000000100000000)
  region size 1024K, 43 young (44032K), 7 survivors (7168K)
 Metaspace       used 84188K, committed 86016K, reserved 1179648K
  class space    used 11810K, committed 12672K, reserved 1048576K
}
Event: 13.414 GC heap after
{Heap after GC invocations=22 (full 0):
 garbage-first heap   total 145408K, used 93919K [0x0000000080000000, 0x0000000100000000)
  region size 1024K, 4 young (4096K), 4 survivors (4096K)
 Metaspace       used 84188K, committed 86016K, reserved 1179648K
  class space    used 11810K, committed 12672K, reserved 1048576K
}
Event: 14.059 GC heap before
{Heap before GC invocations=22 (full 0):
 garbage-first heap   total 145408K, used 127711K [0x0000000080000000, 0x0000000100000000)
  region size 1024K, 37 young (37888K), 4 survivors (4096K)
 Metaspace       used 87967K, committed 89792K, reserved 1179648K
  class space    used 12155K, committed 12992K, reserved 1048576K
}
Event: 14.064 GC heap after
{Heap after GC invocations=23 (full 0):
 garbage-first heap   total 145408K, used 95854K [0x0000000080000000, 0x0000000100000000)
  region size 1024K, 2 young (2048K), 2 survivors (2048K)
 Metaspace       used 87967K, committed 89792K, reserved 1179648K
  class space    used 12155K, committed 12992K, reserved 1048576K
}
Event: 14.666 GC heap before
{Heap before GC invocations=24 (full 0):
 garbage-first heap   total 160768K, used 129646K [0x0000000080000000, 0x0000000100000000)
  region size 1024K, 36 young (36864K), 2 survivors (2048K)
 Metaspace       used 92754K, committed 94528K, reserved 1179648K
  class space    used 12662K, committed 13504K, reserved 1048576K
}
Event: 14.669 GC heap after
{Heap after GC invocations=25 (full 0):
 garbage-first heap   total 160768K, used 97151K [0x0000000080000000, 0x0000000100000000)
  region size 1024K, 3 young (3072K), 3 survivors (3072K)
 Metaspace       used 92754K, committed 94528K, reserved 1179648K
  class space    used 12662K, committed 13504K, reserved 1048576K
}
Event: 15.380 GC heap before
{Heap before GC invocations=25 (full 0):
 garbage-first heap   total 160768K, used 142207K [0x0000000080000000, 0x0000000100000000)
  region size 1024K, 48 young (49152K), 3 survivors (3072K)
 Metaspace       used 97456K, committed 99328K, reserved 1179648K
  class space    used 13146K, committed 14016K, reserved 1048576K
}
Event: 15.393 GC heap after
{Heap after GC invocations=26 (full 0):
 garbage-first heap   total 160768K, used 101117K [0x0000000080000000, 0x0000000100000000)
  region size 1024K, 6 young (6144K), 6 survivors (6144K)
 Metaspace       used 97456K, committed 99328K, reserved 1179648K
  class space    used 13146K, committed 14016K, reserved 1048576K
}
Event: 16.210 GC heap before
{Heap before GC invocations=26 (full 0):
 garbage-first heap   total 160768K, used 144125K [0x0000000080000000, 0x0000000100000000)
  region size 1024K, 48 young (49152K), 6 survivors (6144K)
 Metaspace       used 103085K, committed 104896K, reserved 1179648K
  class space    used 13836K, committed 14720K, reserved 1048576K
}
Event: 16.220 GC heap after
{Heap after GC invocations=27 (full 0):
 garbage-first heap   total 193536K, used 104196K [0x0000000080000000, 0x0000000100000000)
  region size 1024K, 3 young (3072K), 3 survivors (3072K)
 Metaspace       used 103085K, committed 104896K, reserved 1179648K
  class space    used 13836K, committed 14720K, reserved 1048576K
}
Event: 17.080 GC heap before
{Heap before GC invocations=28 (full 0):
 garbage-first heap   total 193536K, used 168708K [0x0000000080000000, 0x0000000100000000)
  region size 1024K, 65 young (66560K), 3 survivors (3072K)
 Metaspace       used 107121K, committed 108928K, reserved 1179648K
  class space    used 14290K, committed 15168K, reserved 1048576K
}
Event: 17.091 GC heap after
{Heap after GC invocations=29 (full 0):
 garbage-first heap   total 193536K, used 118716K [0x0000000080000000, 0x0000000100000000)
  region size 1024K, 9 young (9216K), 9 survivors (9216K)
 Metaspace       used 107121K, committed 108928K, reserved 1179648K
  class space    used 14290K, committed 15168K, reserved 1048576K
}
Event: 17.809 GC heap before
{Heap before GC invocations=29 (full 0):
 garbage-first heap   total 193536K, used 168892K [0x0000000080000000, 0x0000000100000000)
  region size 1024K, 59 young (60416K), 9 survivors (9216K)
 Metaspace       used 113541K, committed 115392K, reserved 1179648K
  class space    used 14894K, committed 15744K, reserved 1048576K
}
Event: 17.821 GC heap after
{Heap after GC invocations=30 (full 0):
 garbage-first heap   total 193536K, used 123152K [0x0000000080000000, 0x0000000100000000)
  region size 1024K, 5 young (5120K), 5 survivors (5120K)
 Metaspace       used 113541K, committed 115392K, reserved 1179648K
  class space    used 14894K, committed 15744K, reserved 1048576K
}
Event: 18.750 GC heap before
{Heap before GC invocations=30 (full 0):
 garbage-first heap   total 193536K, used 172304K [0x0000000080000000, 0x0000000100000000)
  region size 1024K, 53 young (54272K), 5 survivors (5120K)
 Metaspace       used 119139K, committed 120960K, reserved 1179648K
  class space    used 15602K, committed 16448K, reserved 1048576K
}
Event: 18.757 GC heap after
{Heap after GC invocations=31 (full 0):
 garbage-first heap   total 193536K, used 127391K [0x0000000080000000, 0x0000000100000000)
  region size 1024K, 4 young (4096K), 4 survivors (4096K)
 Metaspace       used 119139K, committed 120960K, reserved 1179648K
  class space    used 15602K, committed 16448K, reserved 1048576K
}
Event: 19.874 GC heap before
{Heap before GC invocations=32 (full 0):
 garbage-first heap   total 214016K, used 175519K [0x0000000080000000, 0x0000000100000000)
  region size 1024K, 51 young (52224K), 4 survivors (4096K)
 Metaspace       used 125975K, committed 127808K, reserved 1179648K
  class space    used 16387K, committed 17280K, reserved 1048576K
}
Event: 19.880 GC heap after
{Heap after GC invocations=33 (full 0):
 garbage-first heap   total 214016K, used 129320K [0x0000000080000000, 0x0000000100000000)
  region size 1024K, 2 young (2048K), 2 survivors (2048K)
 Metaspace       used 125975K, committed 127808K, reserved 1179648K
  class space    used 16387K, committed 17280K, reserved 1048576K
}

