# JRE version: OpenJDK Runtime Environment (21.0.10) (build 21.0.10+-14961533-b1163.108)
# Java VM: OpenJDK 64-Bit Server VM (21.0.10+-14961533-b1163.108, mixed mode, tiered, compressed oops, compressed class ptrs, g1 gc, windows-amd64)
GC Precious Log:
 CardTable entry size: 512
 Card Set container configuration: InlinePtr #cards 5 size 8 Array Of Cards #cards 12 size 40 Howl #buckets 4 coarsen threshold 1843 Howl Bitmap #cards 512 size 80 coarsen threshold 460 Card regions per heap region 1 cards per card region 2048
 CPUs: 16 total, 16 available
 Memory: 7599M
 Large Page Support: Disabled
 NUMA Support: Disabled
 Compressed Oops: Enabled (32-bit)
 Heap Region Size: 1M
 Heap Min Capacity: 8M
 Heap Initial Capacity: 120M
 Heap Max Capacity: 2G
 Pre-touch: Disabled
 Parallel Workers: 13
 Concurrent Workers: 3
 Concurrent Refinement Workers: 13
 Periodic GC: Disabled
Heap:
 garbage-first heap   total 333824K, used 151014K [0x0000000080000000, 0x0000000100000000)
  region size 1024K, 13 young (13312K), 13 survivors (13312K)
 Metaspace       used 150673K, committed 152768K, reserved 1245184K
  class space    used 19642K, committed 20672K, reserved 1048576K
GC Heap History (20 events):
Event: 32.877 GC heap after
{Heap after GC invocations=47 (full 0):
 garbage-first heap   total 333824K, used 140012K [0x0000000080000000, 0x0000000100000000)
  region size 1024K, 5 young (5120K), 5 survivors (5120K)
 Metaspace       used 150253K, committed 152384K, reserved 1245184K
  class space    used 19638K, committed 20672K, reserved 1048576K
}
Event: 33.184 GC heap before
{Heap before GC invocations=47 (full 0):
 garbage-first heap   total 333824K, used 208620K [0x0000000080000000, 0x0000000100000000)
  region size 1024K, 74 young (75776K), 5 survivors (5120K)
 Metaspace       used 150293K, committed 152384K, reserved 1245184K
  class space    used 19638K, committed 20672K, reserved 1048576K
}
Event: 33.198 GC heap after
{Heap after GC invocations=48 (full 0):
 garbage-first heap   total 333824K, used 146010K [0x0000000080000000, 0x0000000100000000)
  region size 1024K, 11 young (11264K), 11 survivors (11264K)
 Metaspace       used 150293K, committed 152384K, reserved 1245184K
  class space    used 19638K, committed 20672K, reserved 1048576K
}
Event: 34.022 GC heap before
{Heap before GC invocations=49 (full 0):
 garbage-first heap   total 333824K, used 296538K [0x0000000080000000, 0x0000000100000000)
  region size 1024K, 157 young (160768K), 11 survivors (11264K)
 Metaspace       used 150432K, committed 152576K, reserved 1245184K
  class space    used 19642K, committed 20672K, reserved 1048576K
}
Event: 34.040 GC heap after
{Heap after GC invocations=50 (full 0):
 garbage-first heap   total 333824K, used 147416K [0x0000000080000000, 0x0000000100000000)
  region size 1024K, 10 young (10240K), 10 survivors (10240K)
 Metaspace       used 150432K, committed 152576K, reserved 1245184K
  class space    used 19642K, committed 20672K, reserved 1048576K
}
Event: 35.144 GC heap before
{Heap before GC invocations=50 (full 0):
 garbage-first heap   total 333824K, used 301016K [0x0000000080000000, 0x0000000100000000)
  region size 1024K, 159 young (162816K), 10 survivors (10240K)
 Metaspace       used 150609K, committed 152768K, reserved 1245184K
  class space    used 19642K, committed 20672K, reserved 1048576K
}
Event: 35.168 GC heap after
{Heap after GC invocations=51 (full 0):
 garbage-first heap   total 333824K, used 152513K [0x0000000080000000, 0x0000000100000000)
  region size 1024K, 17 young (17408K), 17 survivors (17408K)
 Metaspace       used 150609K, committed 152768K, reserved 1245184K
  class space    used 19642K, committed 20672K, reserved 1048576K
}
Event: 35.257 GC heap before
{Heap before GC invocations=51 (full 0):
 garbage-first heap   total 333824K, used 168897K [0x0000000080000000, 0x0000000100000000)
  region size 1024K, 34 young (34816K), 17 survivors (17408K)
 Metaspace       used 150624K, committed 152768K, reserved 1245184K
  class space    used 19642K, committed 20672K, reserved 1048576K
}
Event: 35.276 GC heap after
{Heap after GC invocations=52 (full 0):
 garbage-first heap   total 333824K, used 154227K [0x0000000080000000, 0x0000000100000000)
  region size 1024K, 9 young (9216K), 9 survivors (9216K)
 Metaspace       used 150624K, committed 152768K, reserved 1245184K
  class space    used 19642K, committed 20672K, reserved 1048576K
}
Event: 36.060 GC heap before
{Heap before GC invocations=53 (full 0):
 garbage-first heap   total 333824K, used 308851K [0x0000000080000000, 0x0000000100000000)
  region size 1024K, 157 young (160768K), 9 survivors (9216K)
 Metaspace       used 150652K, committed 152768K, reserved 1245184K
  class space    used 19642K, committed 20672K, reserved 1048576K
}
Event: 36.069 GC heap after
{Heap after GC invocations=54 (full 0):
 garbage-first heap   total 333824K, used 150037K [0x0000000080000000, 0x0000000100000000)
  region size 1024K, 7 young (7168K), 7 survivors (7168K)
 Metaspace       used 150652K, committed 152768K, reserved 1245184K
  class space    used 19642K, committed 20672K, reserved 1048576K
}
Event: 36.669 GC heap before
{Heap before GC invocations=54 (full 0):
 garbage-first heap   total 333824K, used 310805K [0x0000000080000000, 0x0000000100000000)
  region size 1024K, 164 young (167936K), 7 survivors (7168K)
 Metaspace       used 150662K, committed 152768K, reserved 1245184K
  class space    used 19642K, committed 20672K, reserved 1048576K
}
Event: 36.680 GC heap after
{Heap after GC invocations=55 (full 0):
 garbage-first heap   total 333824K, used 148463K [0x0000000080000000, 0x0000000100000000)
  region size 1024K, 8 young (8192K), 8 survivors (8192K)
 Metaspace       used 150662K, committed 152768K, reserved 1245184K
  class space    used 19642K, committed 20672K, reserved 1048576K
}
Event: 37.290 GC heap before
{Heap before GC invocations=55 (full 0):
 garbage-first heap   total 333824K, used 314351K [0x0000000080000000, 0x0000000100000000)
  region size 1024K, 170 young (174080K), 8 survivors (8192K)
 Metaspace       used 150669K, committed 152768K, reserved 1245184K
  class space    used 19642K, committed 20672K, reserved 1048576K
}
Event: 37.299 GC heap after
{Heap after GC invocations=56 (full 0):
 garbage-first heap   total 333824K, used 149149K [0x0000000080000000, 0x0000000100000000)
  region size 1024K, 9 young (9216K), 9 survivors (9216K)
 Metaspace       used 150669K, committed 152768K, reserved 1245184K
  class space    used 19642K, committed 20672K, reserved 1048576K
}
Event: 37.809 GC heap before
{Heap before GC invocations=57 (full 0):
 garbage-first heap   total 333824K, used 315037K [0x0000000080000000, 0x0000000100000000)
  region size 1024K, 171 young (175104K), 9 survivors (9216K)
 Metaspace       used 150673K, committed 152768K, reserved 1245184K
  class space    used 19642K, committed 20672K, reserved 1048576K
}
Event: 37.820 GC heap after
{Heap after GC invocations=58 (full 0):
 garbage-first heap   total 333824K, used 150583K [0x0000000080000000, 0x0000000100000000)
  region size 1024K, 10 young (10240K), 10 survivors (10240K)
 Metaspace       used 150673K, committed 152768K, reserved 1245184K
  class space    used 19642K, committed 20672K, reserved 1048576K
}
Event: 38.156 GC heap before
{Heap before GC invocations=58 (full 0):
 garbage-first heap   total 333824K, used 315447K [0x0000000080000000, 0x0000000100000000)
  region size 1024K, 171 young (175104K), 10 survivors (10240K)
 Metaspace       used 150673K, committed 152768K, reserved 1245184K
  class space    used 19642K, committed 20672K, reserved 1048576K
}
Event: 38.167 GC heap after
{Heap after GC invocations=59 (full 0):
 garbage-first heap   total 333824K, used 149178K [0x0000000080000000, 0x0000000100000000)
  region size 1024K, 11 young (11264K), 11 survivors (11264K)
 Metaspace       used 150673K, committed 152768K, reserved 1245184K
  class space    used 19642K, committed 20672K, reserved 1048576K
}
Event: 38.456 GC heap before
{Heap before GC invocations=59 (full 0):
 garbage-first heap   total 333824K, used 315066K [0x0000000080000000, 0x0000000100000000)
  region size 1024K, 173 young (177152K), 11 survivors (11264K)
 Metaspace       used 150673K, committed 152768K, reserved 1245184K
  class space    used 19642K, committed 20672K, reserved 1048576K
}

