# JRE version: OpenJDK Runtime Environment (21.0.10) (build 21.0.10+-14961533-b1163.108)
# Java VM: OpenJDK 64-Bit Server VM (21.0.10+-14961533-b1163.108, mixed mode, tiered, compressed oops, compressed class ptrs, g1 gc, windows-amd64)
GC Precious Log:
 CardTable entry size: 512
 Card Set container configuration: InlinePtr #cards 5 size 8 Array Of Cards #cards 12 size 40 Howl #buckets 4 coarsen threshold 1843 Howl Bitmap #cards 512 size 80 coarsen threshold 460 Card regions per heap region 1 cards per card region 2048
 CPUs: 16 total, 16 available
 Memory: 7599M
 Large Page Support: Disabled
 NUMA Support: Disabled
 Compressed Oops: Enabled (32-bit)
 Heap Region Size: 1M
 Heap Min Capacity: 8M
 Heap Initial Capacity: 120M
 Heap Max Capacity: 2G
 Pre-touch: Disabled
 Parallel Workers: 13
 Concurrent Workers: 3
 Concurrent Refinement Workers: 13
 Periodic GC: Disabled
Heap:
 garbage-first heap   total 315392K, used 218845K [0x0000000080000000, 0x0000000100000000)
  region size 1024K, 14 young (14336K), 7 survivors (7168K)
 Metaspace       used 167800K, committed 170112K, reserved 1245184K
  class space    used 21742K, committed 22848K, reserved 1048576K
GC Heap History (20 events):
Event: 21.994 GC heap before
{Heap before GC invocations=56 (full 0):
 garbage-first heap   total 283648K, used 244594K [0x0000000080000000, 0x0000000100000000)
  region size 1024K, 122 young (124928K), 11 survivors (11264K)
 Metaspace       used 122292K, committed 124288K, reserved 1179648K
  class space    used 16587K, committed 17536K, reserved 1048576K
}
Event: 22.006 GC heap after
{Heap after GC invocations=57 (full 0):
 garbage-first heap   total 283648K, used 139248K [0x0000000080000000, 0x0000000100000000)
  region size 1024K, 9 young (9216K), 9 survivors (9216K)
 Metaspace       used 122292K, committed 124288K, reserved 1179648K
  class space    used 16587K, committed 17536K, reserved 1048576K
}
Event: 23.137 GC heap before
{Heap before GC invocations=57 (full 0):
 garbage-first heap   total 283648K, used 247792K [0x0000000080000000, 0x0000000100000000)
  region size 1024K, 114 young (116736K), 9 survivors (9216K)
 Metaspace       used 132537K, committed 134528K, reserved 1179648K
  class space    used 17601K, committed 18560K, reserved 1048576K
}
Event: 23.155 GC heap after
{Heap after GC invocations=58 (full 0):
 garbage-first heap   total 283648K, used 153946K [0x0000000080000000, 0x0000000100000000)
  region size 1024K, 15 young (15360K), 15 survivors (15360K)
 Metaspace       used 132537K, committed 134528K, reserved 1179648K
  class space    used 17601K, committed 18560K, reserved 1048576K
}
Event: 23.958 GC heap before
{Heap before GC invocations=58 (full 0):
 garbage-first heap   total 283648K, used 210266K [0x0000000080000000, 0x0000000100000000)
  region size 1024K, 71 young (72704K), 15 survivors (15360K)
 Metaspace       used 140106K, committed 142208K, reserved 1179648K
  class space    used 18517K, committed 19520K, reserved 1048576K
}
Event: 23.972 GC heap after
{Heap after GC invocations=59 (full 0):
 garbage-first heap   total 283648K, used 158632K [0x0000000080000000, 0x0000000100000000)
  region size 1024K, 4 young (4096K), 4 survivors (4096K)
 Metaspace       used 140106K, committed 142208K, reserved 1179648K
  class space    used 18517K, committed 19520K, reserved 1048576K
}
Event: 25.312 GC heap before
{Heap before GC invocations=60 (full 0):
 garbage-first heap   total 283648K, used 260008K [0x0000000080000000, 0x0000000100000000)
  region size 1024K, 95 young (97280K), 4 survivors (4096K)
 Metaspace       used 146584K, committed 148672K, reserved 1179648K
  class space    used 19351K, committed 20352K, reserved 1048576K
}
Event: 25.320 GC heap after
{Heap after GC invocations=61 (full 0):
 garbage-first heap   total 283648K, used 174167K [0x0000000080000000, 0x0000000100000000)
  region size 1024K, 11 young (11264K), 11 survivors (11264K)
 Metaspace       used 146584K, committed 148672K, reserved 1179648K
  class space    used 19351K, committed 20352K, reserved 1048576K
}
Event: 26.542 GC heap before
{Heap before GC invocations=61 (full 0):
 garbage-first heap   total 283648K, used 264279K [0x0000000080000000, 0x0000000100000000)
  region size 1024K, 92 young (94208K), 11 survivors (11264K)
 Metaspace       used 152338K, committed 154560K, reserved 1245184K
  class space    used 20200K, committed 21248K, reserved 1048576K
}
Event: 26.553 GC heap after
{Heap after GC invocations=62 (full 0):
 garbage-first heap   total 283648K, used 182152K [0x0000000080000000, 0x0000000100000000)
  region size 1024K, 7 young (7168K), 7 survivors (7168K)
 Metaspace       used 152338K, committed 154560K, reserved 1245184K
  class space    used 20200K, committed 21248K, reserved 1048576K
}
Event: 27.387 GC heap before
{Heap before GC invocations=62 (full 0):
 garbage-first heap   total 283648K, used 255880K [0x0000000080000000, 0x0000000100000000)
  region size 1024K, 80 young (81920K), 7 survivors (7168K)
 Metaspace       used 157268K, committed 159488K, reserved 1245184K
  class space    used 20824K, committed 21888K, reserved 1048576K
}
Event: 27.395 GC heap after
{Heap after GC invocations=63 (full 0):
 garbage-first heap   total 283648K, used 185734K [0x0000000080000000, 0x0000000100000000)
  region size 1024K, 4 young (4096K), 4 survivors (4096K)
 Metaspace       used 157268K, committed 159488K, reserved 1245184K
  class space    used 20824K, committed 21888K, reserved 1048576K
}
Event: 28.426 GC heap before
{Heap before GC invocations=64 (full 0):
 garbage-first heap   total 283648K, used 241030K [0x0000000080000000, 0x0000000100000000)
  region size 1024K, 80 young (81920K), 4 survivors (4096K)
 Metaspace       used 159986K, committed 162176K, reserved 1245184K
  class space    used 21109K, committed 22144K, reserved 1048576K
}
Event: 28.434 GC heap after
{Heap after GC invocations=65 (full 0):
 garbage-first heap   total 283648K, used 161545K [0x0000000080000000, 0x0000000100000000)
  region size 1024K, 9 young (9216K), 9 survivors (9216K)
 Metaspace       used 159986K, committed 162176K, reserved 1245184K
  class space    used 21109K, committed 22144K, reserved 1048576K
}
Event: 28.644 GC heap before
{Heap before GC invocations=65 (full 0):
 garbage-first heap   total 283648K, used 257801K [0x0000000080000000, 0x0000000100000000)
  region size 1024K, 102 young (104448K), 9 survivors (9216K)
 Metaspace       used 160538K, committed 162816K, reserved 1245184K
  class space    used 21123K, committed 22208K, reserved 1048576K
}
Event: 28.682 GC heap after
{Heap after GC invocations=66 (full 0):
 garbage-first heap   total 309248K, used 179695K [0x0000000080000000, 0x0000000100000000)
  region size 1024K, 13 young (13312K), 13 survivors (13312K)
 Metaspace       used 160538K, committed 162816K, reserved 1245184K
  class space    used 21123K, committed 22208K, reserved 1048576K
}
Event: 29.527 GC heap before
{Heap before GC invocations=66 (full 0):
 garbage-first heap   total 309248K, used 263663K [0x0000000080000000, 0x0000000100000000)
  region size 1024K, 94 young (96256K), 13 survivors (13312K)
 Metaspace       used 162240K, committed 164480K, reserved 1245184K
  class space    used 21195K, committed 22272K, reserved 1048576K
}
Event: 29.551 GC heap after
{Heap after GC invocations=67 (full 0):
 garbage-first heap   total 309248K, used 203776K [0x0000000080000000, 0x0000000100000000)
  region size 1024K, 12 young (12288K), 12 survivors (12288K)
 Metaspace       used 162240K, committed 164480K, reserved 1245184K
  class space    used 21195K, committed 22272K, reserved 1048576K
}
Event: 30.691 GC heap before
{Heap before GC invocations=67 (full 0):
 garbage-first heap   total 309248K, used 267264K [0x0000000080000000, 0x0000000100000000)
  region size 1024K, 74 young (75776K), 12 survivors (12288K)
 Metaspace       used 167412K, committed 169728K, reserved 1245184K
  class space    used 21680K, committed 22784K, reserved 1048576K
}
Event: 30.704 GC heap after
{Heap after GC invocations=68 (full 0):
 garbage-first heap   total 309248K, used 212701K [0x0000000080000000, 0x0000000100000000)
  region size 1024K, 7 young (7168K), 7 survivors (7168K)
 Metaspace       used 167412K, committed 169728K, reserved 1245184K
  class space    used 21680K, committed 22784K, reserved 1048576K
}

